<?xml version="1.0" encoding="UTF-8"?>
<!-- Generated by org.testng.reporters.JUnitXMLReporter -->
<testsuite ignored="0" hostname="DESKTOP-T9KLDF5" failures="1" tests="1" name="FirefoxTest" time="19.143" errors="0" timestamp="2026-03-17T12:10:04 IST">
  <testcase classname="testcase.login_test" name="Logintest" time="10.535">
    <failure type="org.openqa.selenium.ElementClickInterceptedException" message="Element &amp;lt;span class=&amp;quot;hidden lg:block font-semibold text-gray-700 whitespace-nowrap pe-1.5&amp;quot;&amp;gt; is not clickable at point (1225,76) because another element &amp;lt;div class=&amp;quot;needsclick  kl-private-reset-css-Xuajs1&amp;quot;&amp;gt; obscures it
Build info: version: &amp;apos;4.41.0&amp;apos;, revision: &amp;apos;9fc754f&amp;apos;
System info: os.name: &amp;apos;Windows 10&amp;apos;, os.arch: &amp;apos;amd64&amp;apos;, os.version: &amp;apos;10.0&amp;apos;, java.version: &amp;apos;21.0.10&amp;apos;
Driver info: org.openqa.selenium.remote.RemoteWebDriver
Command: [b3f863ef-eb5f-425b-b97c-e27c1540e9a3, clickElement {id=2d4be7cf-2620-449f-81c7-cee1f82bd3b4}]
Capabilities {acceptInsecureCerts: true, browserName: firefox, browserVersion: 148.0.2, moz:accessibilityChecks: false, moz:buildID: 20260309125808, moz:firefoxOptions: {binary: C:\Users\LOGICGO\.cache\sel..., prefs: {remote.active-protocols: 1}}, moz:geckodriverVersion: 0.36.0, moz:headless: false, moz:platformVersion: 10.0, moz:processID: 32792, moz:profile: C:\Users\LOGICGO\AppData\Lo..., moz:shutdownTimeout: 60000, moz:webdriverClick: true, moz:windowless: false, pageLoadStrategy: normal, platformName: Windows 10, proxy: Proxy(), se:bidiEnabled: false, se:cdpEnabled: false, setWindowRect: true, strictFileInteractability: false, timeouts: {implicit: 0, pageLoad: 300000, script: 30000}, unhandledPromptBehavior: dismiss and notify, userAgent: Mozilla/5.0 (Windows NT 10....}
Element: [[RemoteWebDriver: firefox on Windows 10 (b3f863ef-eb5f-425b-b97c-e27c1540e9a3)] -&amp;gt; xpath: //span[@class=&amp;apos;hidden lg:block font-semibold text-gray-700 whitespace-nowrap pe-1.5&amp;apos;]]
Session ID: b3f863ef-eb5f-425b-b97c-e27c1540e9a3">
      <![CDATA[org.openqa.selenium.ElementClickInterceptedException: Element <span class="hidden lg:block font-semibold text-gray-700 whitespace-nowrap pe-1.5"> is not clickable at point (1225,76) because another element <div class="needsclick  kl-private-reset-css-Xuajs1"> obscures it
Build info: version: '4.41.0', revision: '9fc754f'
System info: os.name: 'Windows 10', os.arch: 'amd64', os.version: '10.0', java.version: '21.0.10'
Driver info: org.openqa.selenium.remote.RemoteWebDriver
Command: [b3f863ef-eb5f-425b-b97c-e27c1540e9a3, clickElement {id=2d4be7cf-2620-449f-81c7-cee1f82bd3b4}]
Capabilities {acceptInsecureCerts: true, browserName: firefox, browserVersion: 148.0.2, moz:accessibilityChecks: false, moz:buildID: 20260309125808, moz:firefoxOptions: {binary: C:\Users\LOGICGO\.cache\sel..., prefs: {remote.active-protocols: 1}}, moz:geckodriverVersion: 0.36.0, moz:headless: false, moz:platformVersion: 10.0, moz:processID: 32792, moz:profile: C:\Users\LOGICGO\AppData\Lo..., moz:shutdownTimeout: 60000, moz:webdriverClick: true, moz:windowless: false, pageLoadStrategy: normal, platformName: Windows 10, proxy: Proxy(), se:bidiEnabled: false, se:cdpEnabled: false, setWindowRect: true, strictFileInteractability: false, timeouts: {implicit: 0, pageLoad: 300000, script: 30000}, unhandledPromptBehavior: dismiss and notify, userAgent: Mozilla/5.0 (Windows NT 10....}
Element: [[RemoteWebDriver: firefox on Windows 10 (b3f863ef-eb5f-425b-b97c-e27c1540e9a3)] -> xpath: //span[@class='hidden lg:block font-semibold text-gray-700 whitespace-nowrap pe-1.5']]
Session ID: b3f863ef-eb5f-425b-b97c-e27c1540e9a3
at org.openqa.selenium.remote.ErrorCodec.decode(ErrorCodec.java:169)
at org.openqa.selenium.remote.codec.w3c.W3CHttpResponseCodec.decode(W3CHttpResponseCodec.java:142)
at org.openqa.selenium.remote.codec.w3c.W3CHttpResponseCodec.decode(W3CHttpResponseCodec.java:49)
at org.openqa.selenium.remote.HttpCommandExecutor.execute(HttpCommandExecutor.java:223)
at org.openqa.selenium.remote.TracedCommandExecutor.execute(TracedCommandExecutor.java:53)
at org.openqa.selenium.remote.RemoteWebDriver.execute(RemoteWebDriver.java:604)
at org.openqa.selenium.remote.RemoteWebElement.execute(RemoteWebElement.java:223)
at org.openqa.selenium.remote.RemoteWebElement.click(RemoteWebElement.java:76)
at testcase.login_test.Logintest(login_test.java:26)
at java.base/java.util.ArrayList.forEach(ArrayList.java:1596)
at java.base/java.util.concurrent.FutureTask.run(FutureTask.java:317)
at java.base/java.util.concurrent.ThreadPoolExecutor.runWorker(ThreadPoolExecutor.java:1144)
at java.base/java.util.concurrent.ThreadPoolExecutor$Worker.run(ThreadPoolExecutor.java:642)
at java.base/java.lang.Thread.run(Thread.java:1583)
... Removed 15 stack frames]]>
    </failure>
  </testcase> <!-- Logintest -->
</testsuite> <!-- FirefoxTest -->
