<?xml version="1.0" encoding="UTF-8"?>
<testng-results ignored="0" total="1" passed="1" failed="0" skipped="0">
  <reporter-output>
  </reporter-output>
  <suite started-at="2026-03-27T10:39:44 IST" name="Suite" finished-at="2026-03-27T10:40:16 IST" duration-ms="31804">
    <groups>
    </groups>
    <test started-at="2026-03-27T10:39:44 IST" name="ChromeTest" finished-at="2026-03-27T10:40:16 IST" duration-ms="31804">
      <class name="testcase.checkHomeelement">
        <test-method is-config="true" signature="setup(java.lang.String,java.lang.reflect.Method)[pri:0, instance:testcase.checkHomeelement@17d919b6]" started-at="2026-03-27T10:39:44 IST" name="setup" finished-at="2026-03-27T10:39:56 IST" duration-ms="11277" status="PASS">
          <params>
            <param index="0">
              <value>
                <![CDATA[chrome]]>
              </value>
            </param>
            <param index="1">
              <value>
                <![CDATA[public void testcase.checkHomeelement.checkElement()]]>
              </value>
            </param>
          </params>
          <reporter-output>
          </reporter-output>
        </test-method> <!-- setup -->
        <test-method is-config="true" signature="Logintest()[pri:0, instance:testcase.checkHomeelement@17d919b6]" started-at="2026-03-27T10:39:56 IST" name="Logintest" finished-at="2026-03-27T10:40:16 IST" duration-ms="20118" status="PASS">
          <reporter-output>
          </reporter-output>
        </test-method> <!-- Logintest -->
        <test-method signature="checkElement()[pri:0, instance:testcase.checkHomeelement@17d919b6]" started-at="2026-03-27T10:40:16 IST" name="checkElement" finished-at="2026-03-27T10:40:16 IST" duration-ms="60" status="PASS">
          <reporter-output>
          </reporter-output>
        </test-method> <!-- checkElement -->
        <test-method is-config="true" signature="teardown(org.testng.ITestResult)[pri:0, instance:testcase.checkHomeelement@17d919b6]" started-at="2026-03-27T10:40:16 IST" name="teardown" finished-at="2026-03-27T10:40:16 IST" duration-ms="302" status="PASS">
          <params>
            <param index="0">
              <value>
                <![CDATA[[TestResult name=checkElement status=SUCCESS method=checkHomeelement.checkElement()[pri:0, instance:testcase.checkHomeelement@17d919b6] output={null}]]]>
              </value>
            </param>
          </params>
          <reporter-output>
          </reporter-output>
        </test-method> <!-- teardown -->
      </class> <!-- testcase.checkHomeelement -->
    </test> <!-- ChromeTest -->
  </suite> <!-- Suite -->
</testng-results>
