<?xml version="1.0" encoding="UTF-8"?>
<!-- Generated by org.testng.reporters.JUnitReportReporter -->
<testsuite hostname="DESKTOP-T9KLDF5" failures="0" tests="3" name="testcase.login_test" time="84.236" errors="0" timestamp="2026-03-27T09:37:11 IST" skipped="0">
  <testcase classname="testcase.login_test" name="Logintest" time="28.148"/>
  <testcase classname="testcase.login_test" name="Logintest" time="28.065"/>
  <testcase classname="testcase.login_test" name="Logintest" time="28.023"/>
</testsuite> <!-- testcase.login_test -->
